Sat Dec 16 2023-->0:14:48--> [PH] info: Database connection successfull
Sat Dec 16 2023-->0:14:48--> [PH] info: Server is listening on port 5000
Sat Dec 16 2023-->0:15:52--> [PH] info: SIGTERM is received ....
Sat Dec 16 2023-->0:18:24--> [PH] info: Database connection successfull
Sat Dec 16 2023-->0:18:24--> [PH] info: Server is listening on port 5000
Sat Dec 16 2023-->0:23:44--> [PH] info: SIGTERM is received ....
Sat Dec 16 2023-->0:31:4--> [PH] info: [1m[4m[32mDatabase connection successfull[39m[24m[22m
Sat Dec 16 2023-->0:31:4--> [PH] info: [1m[4m[31mServer is listening on port 5000[39m[24m[22m
Sat Dec 16 2023-->0:33:7--> [PH] info: SIGTERM is received ....
Sat Dec 16 2023-->0:35:28--> [PH] info: [1m[4m[32mDatabase connection successfull[39m[24m[22m
Sat Dec 16 2023-->0:35:28--> [PH] info: [1m[4m[31mServer is listening on port 5000[39m[24m[22m
Sat Dec 16 2023-->0:45:44--> [PH] info: SIGTERM is received ....
Sat Dec 16 2023-->0:46:36--> [PH] info: [1m[4m[32mDatabase connection successfull[39m[24m[22m
Sat Dec 16 2023-->0:46:36--> [PH] info: [1m[4m[31mServer is listening on port 5000[39m[24m[22m
Sat Dec 16 2023-->0:53:28--> [PH] info: SIGTERM is received ....
Sat Dec 16 2023-->0:54:53--> [PH] info: [1m[4m[32mDatabase connection successfull[39m[24m[22m
Sat Dec 16 2023-->0:54:53--> [PH] info: [1m[4m[31mServer is listening on port 5000[39m[24m[22m
Sat Dec 16 2023-->0:55:22--> [PH] info: SIGTERM is received ....
Sat Dec 16 2023-->0:55:54--> [PH] info: [1m[4m[32mDatabase connection successfull[39m[24m[22m
Sat Dec 16 2023-->0:55:54--> [PH] info: [1m[4m[31mServer is listening on port 5000[39m[24m[22m
Sat Dec 16 2023-->0:56:53--> [PH] info: SIGTERM is received ....
